<?xml version="1.0" encoding="UTF-8"?>
<!-- Generated by org.testng.reporters.JUnitReportReporter -->
<testsuite hostname="HP-PC" name="test.ExcelDataDrivenTest" tests="1" failures="0" timestamp="26 Feb 2015 15:11:21 GMT" time="31.629" errors="0">
  <testcase name="testSeachCountry" time="31.629" classname="test.ExcelDataDrivenTest"/>
</testsuite> <!-- test.ExcelDataDrivenTest -->
