<?xml version="1.0" encoding="UTF-8"?>
<!-- Generated by org.testng.reporters.JUnitReportReporter -->
<testsuite hostname="HP-PC" name="test.DataDrivenTest" tests="7" failures="0" timestamp="26 Feb 2015 13:17:14 GMT" time="98.840" errors="0">
  <testcase name="testSearchCountry" time="11.212" classname="test.DataDrivenTest"/>
  <testcase name="testSearchCountry" time="16.171" classname="test.DataDrivenTest"/>
  <testcase name="testSearchCountry" time="14.192" classname="test.DataDrivenTest"/>
  <testcase name="testSearchCountry" time="14.639" classname="test.DataDrivenTest"/>
  <testcase name="testSearchCountry" time="14.777" classname="test.DataDrivenTest"/>
  <testcase name="testSearchCountry" time="13.856" classname="test.DataDrivenTest"/>
  <testcase name="testSearchCountry" time="13.993" classname="test.DataDrivenTest"/>
</testsuite> <!-- test.DataDrivenTest -->
